<?xml version="1.0" encoding="UTF-8"?>
<!-- Generated by org.testng.reporters.JUnitReportReporter -->
<testsuite hostname="IPA-PC-PM1" failures="0" tests="1" name="com.ipa.testcases.LoginTest" time="10.452" errors="0" timestamp="2022-02-03T15:53:35 CET" skipped="0">
  <testcase classname="com.ipa.testcases.LoginTest" name="loginTest" time="10.452"/>
  <system-out/>
</testsuite> <!-- com.ipa.testcases.LoginTest -->
